{"uid":"42457120d991887a","name":"Verify that user without token can not receive uploaded image","fullName":"com.thecatapi.api.systemtests.images.uploaded.get.GetUploadedImageWithoutTokenNegativeTest.verifyGetUploadedImageWithoutTokenNegativeTest","historyId":"6bc14be0a27c6c116c5f20767bb7a83c","time":{"start":1754496809025,"stop":1754496809353,"duration":328},"status":"failed","statusMessage":"Get uploaded images request without x-api-key returned inappropriate status code\nExpecting 401 status code but was 400!","statusTrace":"com.thecatapi.api.exceptions.HttpException: Get uploaded images request without x-api-key returned inappropriate status code\nExpecting 401 status code but was 400!\n\tat com.thecatapi.api.core.restassuredclient.HttpResponseWrapper.validateResponseCode(HttpResponseWrapper.java:101)\n\tat com.thecatapi.api.core.restassuredclient.HttpResponseWrapper.expectStatusCode(HttpResponseWrapper.java:17)\n\tat com.thecatapi.api.core.thecatapi.controllers.ImageController.getUploadedImages(ImageController.java:25)\n\tat com.thecatapi.api.systemtests.images.uploaded.get.GetUploadedImageWithoutTokenNegativeTest.lambda$verifyGetUploadedImageWithoutTokenNegativeTest$0(GetUploadedImageWithoutTokenNegativeTest.java:17)\n\tat com.thecatapi.api.systemtests.ITokenValidation.validateErrorMessage(ITokenValidation.java:14)\n\tat com.thecatapi.api.systemtests.images.uploaded.get.GetUploadedImageWithoutTokenNegativeTest.verifyGetUploadedImageWithoutTokenNegativeTest(GetUploadedImageWithoutTokenNegativeTest.java:17)\n\tat java.base/jdk.internal.reflect.DirectMethodHandleAccessor.invoke(DirectMethodHandleAccessor.java:104)\n\tat java.base/java.lang.reflect.Method.invoke(Method.java:565)\n\tat org.testng.internal.invokers.MethodInvocationHelper.invokeMethod(MethodInvocationHelper.java:141)\n\tat org.testng.internal.invokers.TestInvoker.invokeMethod(TestInvoker.java:687)\n\tat org.testng.internal.invokers.TestInvoker.invokeTestMethod(TestInvoker.java:230)\n\tat org.testng.internal.invokers.MethodRunner.runInSequence(MethodRunner.java:63)\n\tat org.testng.internal.invokers.TestInvoker$MethodInvocationAgent.invoke(TestInvoker.java:995)\n\tat org.testng.internal.invokers.TestInvoker.invokeTestMethods(TestInvoker.java:203)\n\tat org.testng.internal.invokers.TestMethodWorker.invokeTestMethods(TestMethodWorker.java:154)\n\tat org.testng.internal.invokers.TestMethodWorker.run(TestMethodWorker.java:134)\n\tat java.base/java.util.concurrent.Executors$RunnableAdapter.call(Executors.java:545)\n\tat java.base/java.util.concurrent.FutureTask.run(FutureTask.java:328)\n\tat org.testng.internal.thread.graph.TestNGFutureTask.run(TestNGFutureTask.java:22)\n\tat java.base/java.util.concurrent.ThreadPoolExecutor.runWorker(ThreadPoolExecutor.java:1095)\n\tat java.base/java.util.concurrent.ThreadPoolExecutor$Worker.run(ThreadPoolExecutor.java:619)\n\tat java.base/java.lang.Thread.run(Thread.java:1447)\nCaused by: java.lang.AssertionError: 1 expectation failed.\nExpected status code <401> but was <400>.\n\n\tat java.base/jdk.internal.reflect.DirectConstructorHandleAccessor.newInstance(DirectConstructorHandleAccessor.java:62)\n\tat java.base/java.lang.reflect.Constructor.newInstanceWithCaller(Constructor.java:499)\n\tat java.base/java.lang.reflect.Constructor.newInstance(Constructor.java:483)\n\tat org.codehaus.groovy.reflection.CachedConstructor.invoke(CachedConstructor.java:73)\n\tat org.codehaus.groovy.runtime.callsite.ConstructorSite$ConstructorSiteNoUnwrapNoCoerce.callConstructor(ConstructorSite.java:108)\n\tat org.codehaus.groovy.runtime.callsite.AbstractCallSite.callConstructor(AbstractCallSite.java:277)\n\tat io.restassured.internal.ResponseSpecificationImpl$HamcrestAssertionClosure.validate(ResponseSpecificationImpl.groovy:512)\n\tat io.restassured.internal.ResponseSpecificationImpl$HamcrestAssertionClosure$validate$5.call(Unknown Source)\n\tat io.restassured.internal.ResponseSpecificationImpl.validateResponseIfRequired(ResponseSpecificationImpl.groovy:696)\n\tat io.restassured.internal.ResponseSpecificationImpl.this$2$validateResponseIfRequired(ResponseSpecificationImpl.groovy)\n\tat java.base/jdk.internal.reflect.DirectMethodHandleAccessor.invoke(DirectMethodHandleAccessor.java:104)\n\tat java.base/java.lang.reflect.Method.invoke(Method.java:565)\n\tat org.codehaus.groovy.runtime.callsite.PlainObjectMetaMethodSite.doInvoke(PlainObjectMetaMethodSite.java:43)\n\tat org.codehaus.groovy.runtime.callsite.PogoMetaMethodSite$PogoCachedMethodSiteNoUnwrapNoCoerce.invoke(PogoMetaMethodSite.java:198)\n\tat org.codehaus.groovy.runtime.callsite.PogoMetaMethodSite.callCurrent(PogoMetaMethodSite.java:62)\n\tat org.codehaus.groovy.runtime.callsite.AbstractCallSite.callCurrent(AbstractCallSite.java:185)\n\tat io.restassured.internal.ResponseSpecificationImpl.statusCode(ResponseSpecificationImpl.groovy:135)\n\tat io.restassured.internal.ValidatableResponseOptionsImpl.statusCode(ValidatableResponseOptionsImpl.java:84)\n\tat com.thecatapi.api.core.restassuredclient.HttpResponseWrapper.validateResponseCode(HttpResponseWrapper.java:99)\n\t... 21 more\n","flaky":false,"newFailed":false,"newBroken":false,"newPassed":false,"retriesCount":0,"retriesStatusChange":false,"beforeStages":[],"testStage":{"status":"failed","statusMessage":"Get uploaded images request without x-api-key returned inappropriate status code\nExpecting 401 status code but was 400!","statusTrace":"com.thecatapi.api.exceptions.HttpException: Get uploaded images request without x-api-key returned inappropriate status code\nExpecting 401 status code but was 400!\n\tat com.thecatapi.api.core.restassuredclient.HttpResponseWrapper.validateResponseCode(HttpResponseWrapper.java:101)\n\tat com.thecatapi.api.core.restassuredclient.HttpResponseWrapper.expectStatusCode(HttpResponseWrapper.java:17)\n\tat com.thecatapi.api.core.thecatapi.controllers.ImageController.getUploadedImages(ImageController.java:25)\n\tat com.thecatapi.api.systemtests.images.uploaded.get.GetUploadedImageWithoutTokenNegativeTest.lambda$verifyGetUploadedImageWithoutTokenNegativeTest$0(GetUploadedImageWithoutTokenNegativeTest.java:17)\n\tat com.thecatapi.api.systemtests.ITokenValidation.validateErrorMessage(ITokenValidation.java:14)\n\tat com.thecatapi.api.systemtests.images.uploaded.get.GetUploadedImageWithoutTokenNegativeTest.verifyGetUploadedImageWithoutTokenNegativeTest(GetUploadedImageWithoutTokenNegativeTest.java:17)\n\tat java.base/jdk.internal.reflect.DirectMethodHandleAccessor.invoke(DirectMethodHandleAccessor.java:104)\n\tat java.base/java.lang.reflect.Method.invoke(Method.java:565)\n\tat org.testng.internal.invokers.MethodInvocationHelper.invokeMethod(MethodInvocationHelper.java:141)\n\tat org.testng.internal.invokers.TestInvoker.invokeMethod(TestInvoker.java:687)\n\tat org.testng.internal.invokers.TestInvoker.invokeTestMethod(TestInvoker.java:230)\n\tat org.testng.internal.invokers.MethodRunner.runInSequence(MethodRunner.java:63)\n\tat org.testng.internal.invokers.TestInvoker$MethodInvocationAgent.invoke(TestInvoker.java:995)\n\tat org.testng.internal.invokers.TestInvoker.invokeTestMethods(TestInvoker.java:203)\n\tat org.testng.internal.invokers.TestMethodWorker.invokeTestMethods(TestMethodWorker.java:154)\n\tat org.testng.internal.invokers.TestMethodWorker.run(TestMethodWorker.java:134)\n\tat java.base/java.util.concurrent.Executors$RunnableAdapter.call(Executors.java:545)\n\tat java.base/java.util.concurrent.FutureTask.run(FutureTask.java:328)\n\tat org.testng.internal.thread.graph.TestNGFutureTask.run(TestNGFutureTask.java:22)\n\tat java.base/java.util.concurrent.ThreadPoolExecutor.runWorker(ThreadPoolExecutor.java:1095)\n\tat java.base/java.util.concurrent.ThreadPoolExecutor$Worker.run(ThreadPoolExecutor.java:619)\n\tat java.base/java.lang.Thread.run(Thread.java:1447)\nCaused by: java.lang.AssertionError: 1 expectation failed.\nExpected status code <401> but was <400>.\n\n\tat java.base/jdk.internal.reflect.DirectConstructorHandleAccessor.newInstance(DirectConstructorHandleAccessor.java:62)\n\tat java.base/java.lang.reflect.Constructor.newInstanceWithCaller(Constructor.java:499)\n\tat java.base/java.lang.reflect.Constructor.newInstance(Constructor.java:483)\n\tat org.codehaus.groovy.reflection.CachedConstructor.invoke(CachedConstructor.java:73)\n\tat org.codehaus.groovy.runtime.callsite.ConstructorSite$ConstructorSiteNoUnwrapNoCoerce.callConstructor(ConstructorSite.java:108)\n\tat org.codehaus.groovy.runtime.callsite.AbstractCallSite.callConstructor(AbstractCallSite.java:277)\n\tat io.restassured.internal.ResponseSpecificationImpl$HamcrestAssertionClosure.validate(ResponseSpecificationImpl.groovy:512)\n\tat io.restassured.internal.ResponseSpecificationImpl$HamcrestAssertionClosure$validate$5.call(Unknown Source)\n\tat io.restassured.internal.ResponseSpecificationImpl.validateResponseIfRequired(ResponseSpecificationImpl.groovy:696)\n\tat io.restassured.internal.ResponseSpecificationImpl.this$2$validateResponseIfRequired(ResponseSpecificationImpl.groovy)\n\tat java.base/jdk.internal.reflect.DirectMethodHandleAccessor.invoke(DirectMethodHandleAccessor.java:104)\n\tat java.base/java.lang.reflect.Method.invoke(Method.java:565)\n\tat org.codehaus.groovy.runtime.callsite.PlainObjectMetaMethodSite.doInvoke(PlainObjectMetaMethodSite.java:43)\n\tat org.codehaus.groovy.runtime.callsite.PogoMetaMethodSite$PogoCachedMethodSiteNoUnwrapNoCoerce.invoke(PogoMetaMethodSite.java:198)\n\tat org.codehaus.groovy.runtime.callsite.PogoMetaMethodSite.callCurrent(PogoMetaMethodSite.java:62)\n\tat org.codehaus.groovy.runtime.callsite.AbstractCallSite.callCurrent(AbstractCallSite.java:185)\n\tat io.restassured.internal.ResponseSpecificationImpl.statusCode(ResponseSpecificationImpl.groovy:135)\n\tat io.restassured.internal.ValidatableResponseOptionsImpl.statusCode(ValidatableResponseOptionsImpl.java:84)\n\tat com.thecatapi.api.core.restassuredclient.HttpResponseWrapper.validateResponseCode(HttpResponseWrapper.java:99)\n\t... 21 more\n","steps":[{"name":"Send get uploaded images without x-api-key","time":{"start":1754496809029,"stop":1754496809352,"duration":323},"status":"failed","statusMessage":"Get uploaded images request without x-api-key returned inappropriate status code\nExpecting 401 status code but was 400!","statusTrace":"com.thecatapi.api.exceptions.HttpException: Get uploaded images request without x-api-key returned inappropriate status code\nExpecting 401 status code but was 400!\n\tat com.thecatapi.api.core.restassuredclient.HttpResponseWrapper.validateResponseCode(HttpResponseWrapper.java:101)\n\tat com.thecatapi.api.core.restassuredclient.HttpResponseWrapper.expectStatusCode(HttpResponseWrapper.java:17)\n\tat com.thecatapi.api.core.thecatapi.controllers.ImageController.getUploadedImages(ImageController.java:25)\n\tat com.thecatapi.api.systemtests.images.uploaded.get.GetUploadedImageWithoutTokenNegativeTest.lambda$verifyGetUploadedImageWithoutTokenNegativeTest$0(GetUploadedImageWithoutTokenNegativeTest.java:17)\n\tat com.thecatapi.api.systemtests.ITokenValidation.validateErrorMessage(ITokenValidation.java:14)\n\tat com.thecatapi.api.systemtests.images.uploaded.get.GetUploadedImageWithoutTokenNegativeTest.verifyGetUploadedImageWithoutTokenNegativeTest(GetUploadedImageWithoutTokenNegativeTest.java:17)\n\tat java.base/jdk.internal.reflect.DirectMethodHandleAccessor.invoke(DirectMethodHandleAccessor.java:104)\n\tat java.base/java.lang.reflect.Method.invoke(Method.java:565)\n\tat org.testng.internal.invokers.MethodInvocationHelper.invokeMethod(MethodInvocationHelper.java:141)\n\tat org.testng.internal.invokers.TestInvoker.invokeMethod(TestInvoker.java:687)\n\tat org.testng.internal.invokers.TestInvoker.invokeTestMethod(TestInvoker.java:230)\n\tat org.testng.internal.invokers.MethodRunner.runInSequence(MethodRunner.java:63)\n\tat org.testng.internal.invokers.TestInvoker$MethodInvocationAgent.invoke(TestInvoker.java:995)\n\tat org.testng.internal.invokers.TestInvoker.invokeTestMethods(TestInvoker.java:203)\n\tat org.testng.internal.invokers.TestMethodWorker.invokeTestMethods(TestMethodWorker.java:154)\n\tat org.testng.internal.invokers.TestMethodWorker.run(TestMethodWorker.java:134)\n\tat java.base/java.util.concurrent.Executors$RunnableAdapter.call(Executors.java:545)\n\tat java.base/java.util.concurrent.FutureTask.run(FutureTask.java:328)\n\tat org.testng.internal.thread.graph.TestNGFutureTask.run(TestNGFutureTask.java:22)\n\tat java.base/java.util.concurrent.ThreadPoolExecutor.runWorker(ThreadPoolExecutor.java:1095)\n\tat java.base/java.util.concurrent.ThreadPoolExecutor$Worker.run(ThreadPoolExecutor.java:619)\n\tat java.base/java.lang.Thread.run(Thread.java:1447)\nCaused by: java.lang.AssertionError: 1 expectation failed.\nExpected status code <401> but was <400>.\n\n\tat java.base/jdk.internal.reflect.DirectConstructorHandleAccessor.newInstance(DirectConstructorHandleAccessor.java:62)\n\tat java.base/java.lang.reflect.Constructor.newInstanceWithCaller(Constructor.java:499)\n\tat java.base/java.lang.reflect.Constructor.newInstance(Constructor.java:483)\n\tat org.codehaus.groovy.reflection.CachedConstructor.invoke(CachedConstructor.java:73)\n\tat org.codehaus.groovy.runtime.callsite.ConstructorSite$ConstructorSiteNoUnwrapNoCoerce.callConstructor(ConstructorSite.java:108)\n\tat org.codehaus.groovy.runtime.callsite.AbstractCallSite.callConstructor(AbstractCallSite.java:277)\n\tat io.restassured.internal.ResponseSpecificationImpl$HamcrestAssertionClosure.validate(ResponseSpecificationImpl.groovy:512)\n\tat io.restassured.internal.ResponseSpecificationImpl$HamcrestAssertionClosure$validate$5.call(Unknown Source)\n\tat io.restassured.internal.ResponseSpecificationImpl.validateResponseIfRequired(ResponseSpecificationImpl.groovy:696)\n\tat io.restassured.internal.ResponseSpecificationImpl.this$2$validateResponseIfRequired(ResponseSpecificationImpl.groovy)\n\tat java.base/jdk.internal.reflect.DirectMethodHandleAccessor.invoke(DirectMethodHandleAccessor.java:104)\n\tat java.base/java.lang.reflect.Method.invoke(Method.java:565)\n\tat org.codehaus.groovy.runtime.callsite.PlainObjectMetaMethodSite.doInvoke(PlainObjectMetaMethodSite.java:43)\n\tat org.codehaus.groovy.runtime.callsite.PogoMetaMethodSite$PogoCachedMethodSiteNoUnwrapNoCoerce.invoke(PogoMetaMethodSite.java:198)\n\tat org.codehaus.groovy.runtime.callsite.PogoMetaMethodSite.callCurrent(PogoMetaMethodSite.java:62)\n\tat org.codehaus.groovy.runtime.callsite.AbstractCallSite.callCurrent(AbstractCallSite.java:185)\n\tat io.restassured.internal.ResponseSpecificationImpl.statusCode(ResponseSpecificationImpl.groovy:135)\n\tat io.restassured.internal.ValidatableResponseOptionsImpl.statusCode(ValidatableResponseOptionsImpl.java:84)\n\tat com.thecatapi.api.core.restassuredclient.HttpResponseWrapper.validateResponseCode(HttpResponseWrapper.java:99)\n\t... 21 more\n","steps":[],"attachments":[{"uid":"254845fe050ed9f","name":"Request Logs","source":"254845fe050ed9f.txt","type":"text/plain","size":143},{"uid":"4c043f232af5ecf4","name":"Response Logs","source":"4c043f232af5ecf4.txt","type":"text/plain","size":123}],"parameters":[{"name":"statusCode","value":"401"}],"shouldDisplayMessage":true,"stepsCount":0,"attachmentsCount":2,"hasContent":true,"attachmentStep":false}],"attachments":[],"parameters":[],"shouldDisplayMessage":false,"stepsCount":1,"attachmentsCount":2,"hasContent":true,"attachmentStep":false},"afterStages":[],"labels":[{"name":"package","value":"com.thecatapi.api.systemtests.images.uploaded.get.GetUploadedImageWithoutTokenNegativeTest"},{"name":"testClass","value":"com.thecatapi.api.systemtests.images.uploaded.get.GetUploadedImageWithoutTokenNegativeTest"},{"name":"testMethod","value":"verifyGetUploadedImageWithoutTokenNegativeTest"},{"name":"parentSuite","value":"Surefire suite"},{"name":"suite","value":"Surefire test"},{"name":"subSuite","value":"com.thecatapi.api.systemtests.images.uploaded.get.GetUploadedImageWithoutTokenNegativeTest"},{"name":"host","value":"pkrvmjbmru5nbw0"},{"name":"thread","value":"2199@pkrvmjbmru5nbw0.TestNG-test-Surefire test-2(34)"},{"name":"framework","value":"testng"},{"name":"language","value":"java"},{"name":"epic","value":"Image"},{"name":"resultFormat","value":"allure2"}],"parameters":[],"links":[],"hidden":false,"retry":false,"extra":{"severity":"normal","retries":[],"categories":[{"name":"Failed tests","traceRegex":".*HttpException.*","matchedStatuses":["broken","failed"],"flaky":false}],"tags":[]},"source":"42457120d991887a.json","parameterValues":[]}